<?xml version="1.0" encoding="UTF-8"?>
<!-- Generated by org.testng.reporters.JUnitReportReporter -->
<testsuite hostname="DESKTOP-2QO26VS" failures="0" tests="1" name="mave_pkg.basic_mvnclass" time="5.772" errors="0" timestamp="2020-02-01T11:36:59 IST" skipped="0">
  <testcase classname="mave_pkg.basic_mvnclass" name="f" time="5.772"/>
  <system-out/>
</testsuite> <!-- mave_pkg.basic_mvnclass -->
