<?xml version="1.0" encoding="UTF-8"?>
<!-- Generated by org.testng.reporters.JUnitReportReporter -->
<testsuite hostname="DESKTOP-2QO26VS" failures="0" tests="4" name="mave_pkg.maven_demo_test" time="0.017" errors="0" timestamp="2020-01-26T11:16:41 IST" skipped="0">
  <testcase classname="mave_pkg.maven_demo_test" name="add" time="0.009"/>
  <system-out/>
  <testcase classname="mave_pkg.maven_demo_test" name="sub" time="0.002"/>
  <system-out/>
  <testcase classname="mave_pkg.maven_demo_test" name="mul" time="0.004"/>
  <system-out/>
  <testcase classname="mave_pkg.maven_demo_test" name="div" time="0.002"/>
  <system-out/>
</testsuite> <!-- mave_pkg.maven_demo_test -->
